<?xml version="1.0" encoding="UTF-8"?>
<testng-results ignored="0" total="1" passed="1" failed="0" skipped="0">
  <reporter-output>
  </reporter-output>
  <suite started-at="2023-06-13T16:57:20 GMT-07:00" name="FrameworkPractise" finished-at="2023-06-13T16:57:43 GMT-07:00" duration-ms="23096">
    <groups>
    </groups>
    <test started-at="2023-06-13T16:57:20 GMT-07:00" name="practise1" finished-at="2023-06-13T16:57:43 GMT-07:00" duration-ms="23096">
      <class name="TestCases.TC_TourLogin">
        <test-method is-config="true" signature="SetUP()[pri:0, instance:TestCases.TC_TourLogin@4310d43]" started-at="2023-06-13T16:57:03 GMT-07:00" name="SetUP" finished-at="2023-06-13T16:57:20 GMT-07:00" duration-ms="16894" status="PASS">
          <reporter-output>
          </reporter-output>
        </test-method> <!-- SetUP -->
        <test-method signature="tourLoginTest()[pri:0, instance:TestCases.TC_TourLogin@4310d43]" started-at="2023-06-13T16:57:20 GMT-07:00" name="tourLoginTest" finished-at="2023-06-13T16:57:43 GMT-07:00" duration-ms="23058" status="PASS">
          <reporter-output>
          </reporter-output>
        </test-method> <!-- tourLoginTest -->
        <test-method is-config="true" signature="tearDown()[pri:0, instance:TestCases.TC_TourLogin@4310d43]" started-at="2023-06-13T16:57:43 GMT-07:00" name="tearDown" finished-at="2023-06-13T16:57:44 GMT-07:00" duration-ms="177" status="PASS">
          <reporter-output>
          </reporter-output>
        </test-method> <!-- tearDown -->
      </class> <!-- TestCases.TC_TourLogin -->
    </test> <!-- practise1 -->
  </suite> <!-- FrameworkPractise -->
</testng-results>
